Build started 22/Dec/2014 7:10:45 PM.
     1>Project "D:\study\Visual Studio\openGlTask\openGlTask\openGlTask.vcxproj" on node 2 (Rebuild target(s)).
     1>_PrepareForClean:
         Deleting file "Debug\openGlTask.lastbuildstate".
       InitializeBuildStatus:
         Creating "Debug\openGlTask.unsuccessfulbuild" because "AlwaysCreate" was specified.
       ClCompile:
         C:\Program Files (x86)\Microsoft Visual Studio 11.0\VC\bin\CL.exe /c /ZI /nologo /W3 /WX- /Od /Oy- /D WIN32 /D _DEBUG /D _CONSOLE /D _UNICODE /D UNICODE /Gm /EHsc /RTC1 /MDd /GS /fp:precise /Zc:wchar_t /Zc:forScope /Fo"Debug\\" /Fd"Debug\vc110.pdb" /Gd /TP /analyze- /errorReport:prompt GlutFrame.cpp Controller.cpp Main.cpp SceneCreator.cpp
         SceneCreator.cpp
         Main.cpp
         Controller.cpp
         GlutFrame.cpp
         Generating Code...
       Link:
         C:\Program Files (x86)\Microsoft Visual Studio 11.0\VC\bin\link.exe /ERRORREPORT:PROMPT /OUT:"D:\study\Visual Studio\openGlTask\Debug\openGlTask.exe" /INCREMENTAL /NOLOGO kernel32.lib user32.lib gdi32.lib winspool.lib comdlg32.lib advapi32.lib shell32.lib ole32.lib oleaut32.lib uuid.lib odbc32.lib odbccp32.lib /MANIFEST /MANIFESTUAC:"level='asInvoker' uiAccess='false'" /manifest:embed /DEBUG /PDB:"D:\study\Visual Studio\openGlTask\Debug\openGlTask.pdb" /SUBSYSTEM:CONSOLE /TLBID:1 /DYNAMICBASE /NXCOMPAT /IMPLIB:"D:\study\Visual Studio\openGlTask\Debug\openGlTask.lib" /MACHINE:X86 Debug\GlutFrame.obj
         Debug\Controller.obj
         Debug\Main.obj
         Debug\SceneCreator.obj
         Libs\glew32.lib
         Libs\glew32mx.lib
         Libs\glew32mxs.lib
         Libs\glew32s.lib
         Libs\glut32.lib
         openGlTask.vcxproj -> D:\study\Visual Studio\openGlTask\Debug\openGlTask.exe
       FinalizeBuildStatus:
         Deleting file "Debug\openGlTask.unsuccessfulbuild".
         Touching "Debug\openGlTask.lastbuildstate".
     1>Done Building Project "D:\study\Visual Studio\openGlTask\openGlTask\openGlTask.vcxproj" (Rebuild target(s)).

Build succeeded.

Time Elapsed 00:00:03.88
